time="2024-12-20T15:39:29-03:00" level=fatal msg="Erro ao carregar o arquivo .env: open /app/.env: no such file or directory"
time="2024-12-20T18:39:55Z" level=info msg="Servidor Asynq rodando..."
time="2024-12-20T18:41:49Z" level=info msg="Servidor Asynq rodando..."
time="2024-12-20T18:43:07Z" level=warning msg="Iniciando graceful shutdown..."
time="2024-12-20T18:43:07Z" level=warning msg="Encerrando servidor Asynq..."
time="2024-12-20T18:43:07Z" level=info msg="Servidor HTTP encerrado com sucesso"
time="2024-12-20T18:43:07Z" level=info msg="Servidor Asynq encerrado com sucesso"
time="2024-12-20T18:43:07Z" level=warning msg="Aplicação encerrada com sucesso."
time="2024-12-20T18:43:11Z" level=info msg="Servidor Asynq rodando..."
time="2025-01-02T16:35:39Z" level=info msg="Servidor Asynq rodando..."
time="2025-01-02T16:37:44Z" level=info msg="Servidor Asynq rodando..."
time="2025-01-02T16:42:07Z" level=warning msg="Iniciando graceful shutdown..."
time="2025-01-02T16:42:07Z" level=warning msg="Encerrando servidor Asynq..."
time="2025-01-02T16:42:07Z" level=info msg="Servidor Asynq encerrado com sucesso"
time="2025-01-02T16:42:07Z" level=info msg="Servidor HTTP encerrado com sucesso"
time="2025-01-02T16:42:07Z" level=warning msg="Aplicação encerrada com sucesso."
time="2025-01-02T16:52:26Z" level=info msg="Servidor Asynq rodando..."
time="2025-01-02T16:57:14Z" level=warning msg="Encerrando servidor Asynq..."
time="2025-01-02T16:57:14Z" level=warning msg="Iniciando graceful shutdown..."
time="2025-01-02T16:57:14Z" level=info msg="Servidor HTTP encerrado com sucesso"
time="2025-01-02T16:57:15Z" level=info msg="Servidor Asynq encerrado com sucesso"
time="2025-01-02T16:57:15Z" level=warning msg="Aplicação encerrada com sucesso."
time="2025-01-02T14:06:53-03:00" level=info msg="Servidor Asynq rodando..."
time="2025-01-02T17:07:19Z" level=info msg="Servidor Asynq rodando..."
time="2025-01-02T17:07:51Z" level=info msg="Servidor Asynq rodando..."
time="2025-01-02T17:11:58Z" level=warning msg="Iniciando graceful shutdown..."
time="2025-01-02T17:11:58Z" level=info msg="Servidor HTTP encerrado com sucesso"
time="2025-01-02T17:11:58Z" level=warning msg="Encerrando servidor Asynq..."
time="2025-01-02T17:11:58Z" level=info msg="Servidor Asynq encerrado com sucesso"
time="2025-01-02T17:11:58Z" level=warning msg="Aplicação encerrada com sucesso."
time="2025-01-02T17:13:11Z" level=info msg="Servidor Asynq rodando..."
time="2025-01-02T17:16:40Z" level=info msg="Servidor Asynq rodando..."
time="2025-01-02T17:18:02Z" level=warning msg="Iniciando graceful shutdown..."
time="2025-01-02T17:18:02Z" level=warning msg="Encerrando servidor Asynq..."
time="2025-01-02T17:18:02Z" level=info msg="Servidor HTTP encerrado com sucesso"
time="2025-01-02T17:19:38Z" level=info msg="Servidor Asynq encerrado com sucesso"
time="2025-01-02T17:19:38Z" level=warning msg="Aplicação encerrada com sucesso."
time="2025-01-02T17:19:58Z" level=info msg="Servidor Asynq rodando..."
time="2025-01-02T17:20:12Z" level=warning msg="Iniciando graceful shutdown..."
time="2025-01-02T17:20:12Z" level=warning msg="Encerrando servidor Asynq..."
time="2025-01-02T17:20:12Z" level=info msg="Servidor HTTP encerrado com sucesso"
time="2025-01-02T17:26:28Z" level=info msg="Servidor Asynq encerrado com sucesso"
time="2025-01-02T17:26:28Z" level=warning msg="Aplicação encerrada com sucesso."
time="2025-01-07T16:21:25Z" level=warning msg="Iniciando graceful shutdown..."
time="2025-01-07T16:21:25Z" level=info msg="Servidor Asynq encerrado com sucesso"
time="2025-01-07T16:21:25Z" level=info msg="Servidor HTTP encerrado com sucesso"
time="2025-01-07T16:21:25Z" level=warning msg="Aplicação encerrada com sucesso."
time="2025-01-07T16:28:38Z" level=warning msg="Iniciando graceful shutdown..."
time="2025-01-07T16:28:38Z" level=info msg="Servidor HTTP encerrado com sucesso"
time="2025-01-07T16:28:38Z" level=info msg="Servidor Asynq encerrado com sucesso"
time="2025-01-07T16:28:38Z" level=warning msg="Aplicação encerrada com sucesso."
time="2025-01-07T16:30:33Z" level=warning msg="Iniciando graceful shutdown..."
time="2025-01-07T16:30:33Z" level=info msg="Servidor Asynq encerrado com sucesso"
time="2025-01-07T16:30:33Z" level=info msg="Servidor HTTP encerrado com sucesso"
time="2025-01-07T16:30:33Z" level=warning msg="Aplicação encerrada com sucesso."
time="2025-01-07T16:32:47Z" level=warning msg="Iniciando graceful shutdown..."
time="2025-01-07T16:32:47Z" level=info msg="Servidor HTTP encerrado com sucesso"
time="2025-01-07T16:32:47Z" level=info msg="Servidor Asynq encerrado com sucesso"
time="2025-01-07T16:32:47Z" level=warning msg="Aplicação encerrada com sucesso."
time="2025-01-07T16:32:57Z" level=warning msg="Iniciando graceful shutdown..."
time="2025-01-07T16:32:57Z" level=info msg="Servidor HTTP encerrado com sucesso"
time="2025-01-07T16:32:57Z" level=info msg="Servidor Asynq encerrado com sucesso"
time="2025-01-07T16:32:57Z" level=warning msg="Aplicação encerrada com sucesso."
time="2025-01-07T16:33:39Z" level=warning msg="Iniciando graceful shutdown..."
time="2025-01-07T16:33:39Z" level=info msg="Servidor HTTP encerrado com sucesso"
time="2025-01-07T16:33:39Z" level=info msg="Servidor Asynq encerrado com sucesso"
time="2025-01-07T16:33:39Z" level=warning msg="Aplicação encerrada com sucesso."
time="2025-01-07T16:34:56Z" level=warning msg="Iniciando graceful shutdown..."
time="2025-01-07T16:34:56Z" level=info msg="Servidor HTTP encerrado com sucesso"
time="2025-01-07T16:34:56Z" level=info msg="Servidor Asynq encerrado com sucesso"
time="2025-01-07T16:34:56Z" level=warning msg="Aplicação encerrada com sucesso."
time="2025-01-07T16:39:57Z" level=warning msg="Iniciando graceful shutdown..."
time="2025-01-07T16:39:57Z" level=info msg="Servidor HTTP encerrado com sucesso"
time="2025-01-07T16:39:57Z" level=info msg="Servidor Asynq encerrado com sucesso"
time="2025-01-07T16:39:57Z" level=warning msg="Aplicação encerrada com sucesso."
time="2025-01-07T16:41:16Z" level=warning msg="Iniciando graceful shutdown..."
time="2025-01-07T16:41:16Z" level=info msg="Servidor Asynq encerrado com sucesso"
time="2025-01-07T16:41:16Z" level=info msg="Servidor HTTP encerrado com sucesso"
time="2025-01-07T16:41:16Z" level=warning msg="Aplicação encerrada com sucesso."
time="2025-01-07T16:42:31Z" level=warning msg="Iniciando graceful shutdown..."
time="2025-01-07T16:42:31Z" level=info msg="Servidor HTTP encerrado com sucesso"
time="2025-01-07T16:42:31Z" level=info msg="Servidor Asynq encerrado com sucesso"
time="2025-01-07T16:42:31Z" level=warning msg="Aplicação encerrada com sucesso."
time="2025-01-07T16:45:42Z" level=warning msg="Iniciando graceful shutdown..."
time="2025-01-07T16:45:42Z" level=info msg="Servidor Asynq encerrado com sucesso"
time="2025-01-07T16:45:42Z" level=info msg="Servidor HTTP encerrado com sucesso"
time="2025-01-07T16:45:42Z" level=warning msg="Aplicação encerrada com sucesso."
time="2025-01-07T16:48:57Z" level=warning msg="Iniciando graceful shutdown..."
time="2025-01-07T16:48:57Z" level=info msg="Servidor HTTP encerrado com sucesso"
time="2025-01-07T16:48:57Z" level=info msg="Servidor Asynq encerrado com sucesso"
time="2025-01-07T16:48:57Z" level=warning msg="Aplicação encerrada com sucesso."
time="2025-01-07T16:51:00Z" level=warning msg="Iniciando graceful shutdown..."
time="2025-01-07T16:51:00Z" level=info msg="Servidor HTTP encerrado com sucesso"
time="2025-01-07T16:51:02Z" level=info msg="Servidor Asynq encerrado com sucesso"
time="2025-01-07T16:51:02Z" level=warning msg="Aplicação encerrada com sucesso."
time="2025-01-07T16:55:06Z" level=warning msg="Iniciando graceful shutdown..."
time="2025-01-07T16:55:06Z" level=info msg="Servidor HTTP encerrado com sucesso"
time="2025-01-07T16:55:24Z" level=info msg="Servidor Asynq encerrado com sucesso"
time="2025-01-07T16:55:24Z" level=warning msg="Aplicação encerrada com sucesso."
